This is pdfTeX, Version 3.14159265-2.6-1.40.20 (MiKTeX 2.9.7050 64-bit) (preloaded format=pdflatex 2019.7.17)  22 JUL 2019 00:02
entering extended mode
**./Introduction_Article.tex
(Introduction_Article.tex
LaTeX2e <2018-12-01>
("C:\Program Files\MiKTeX 2.9\tex/latex/base\article.cls"
Document Class: article 2018/09/03 v1.4i Standard LaTeX document class
("C:\Program Files\MiKTeX 2.9\tex/latex/base\size12.clo"
File: size12.clo 2018/09/03 v1.4i Standard LaTeX file (size option)
)
\c@part=\count80
\c@section=\count81
\c@subsection=\count82
\c@subsubsection=\count83
\c@paragraph=\count84
\c@subparagraph=\count85
\c@figure=\count86
\c@table=\count87
\abovecaptionskip=\skip41
\belowcaptionskip=\skip42
\bibindent=\dimen102
)
("C:\Program Files\MiKTeX 2.9\tex/latex/geometry\geometry.sty"
Package: geometry 2018/04/16 v5.8 Page Geometry

("C:\Program Files\MiKTeX 2.9\tex/latex/graphics\keyval.sty"
Package: keyval 2014/10/28 v1.15 key=value parser (DPC)
\KV@toks@=\toks14
)
("C:\Program Files\MiKTeX 2.9\tex/generic/oberdiek\ifpdf.sty"
Package: ifpdf 2018/09/07 v3.3 Provides the ifpdf switch
)
("C:\Program Files\MiKTeX 2.9\tex/generic/oberdiek\ifvtex.sty"
Package: ifvtex 2016/05/16 v1.6 Detect VTeX and its facilities (HO)
Package ifvtex Info: VTeX not detected.
)
("C:\Program Files\MiKTeX 2.9\tex/generic/ifxetex\ifxetex.sty"
Package: ifxetex 2010/09/12 v0.6 Provides ifxetex conditional
)
\Gm@cnth=\count88
\Gm@cntv=\count89
\c@Gm@tempcnt=\count90
\Gm@bindingoffset=\dimen103
\Gm@wd@mp=\dimen104
\Gm@odd@mp=\dimen105
\Gm@even@mp=\dimen106
\Gm@layoutwidth=\dimen107
\Gm@layoutheight=\dimen108
\Gm@layouthoffset=\dimen109
\Gm@layoutvoffset=\dimen110
\Gm@dimlist=\toks15

("C:\Program Files\MiKTeX 2.9\tex/latex/geometry\geometry.cfg"))
("C:\Program Files\MiKTeX 2.9\tex/latex/graphics\graphicx.sty"
Package: graphicx 2017/06/01 v1.1a Enhanced LaTeX Graphics (DPC,SPQR)

("C:\Program Files\MiKTeX 2.9\tex/latex/graphics\graphics.sty"
Package: graphics 2017/06/25 v1.2c Standard LaTeX Graphics (DPC,SPQR)

("C:\Program Files\MiKTeX 2.9\tex/latex/graphics\trig.sty"
Package: trig 2016/01/03 v1.10 sin cos tan (DPC)
)
("C:\Program Files\MiKTeX 2.9\tex/latex/graphics-cfg\graphics.cfg"
File: graphics.cfg 2016/06/04 v1.11 sample graphics configuration
)
Package graphics Info: Driver file: pdftex.def on input line 99.

("C:\Program Files\MiKTeX 2.9\tex/latex/graphics-def\pdftex.def"
File: pdftex.def 2018/01/08 v1.0l Graphics/color driver for pdftex
))
\Gin@req@height=\dimen111
\Gin@req@width=\dimen112
)
("C:\Program Files\MiKTeX 2.9\tex/latex/hyperref\hyperref.sty"
Package: hyperref 2018/11/30 v6.88e Hypertext links for LaTeX

("C:\Program Files\MiKTeX 2.9\tex/generic/oberdiek\hobsub-hyperref.sty"
Package: hobsub-hyperref 2016/05/16 v1.14 Bundle oberdiek, subset hyperref (HO)


("C:\Program Files\MiKTeX 2.9\tex/generic/oberdiek\hobsub-generic.sty"
Package: hobsub-generic 2016/05/16 v1.14 Bundle oberdiek, subset generic (HO)
Package: hobsub 2016/05/16 v1.14 Construct package bundles (HO)
Package: infwarerr 2016/05/16 v1.4 Providing info/warning/error messages (HO)
Package: ltxcmds 2016/05/16 v1.23 LaTeX kernel commands for general use (HO)
Package: ifluatex 2016/05/16 v1.4 Provides the ifluatex switch (HO)
Package ifluatex Info: LuaTeX not detected.
Package hobsub Info: Skipping package `ifvtex' (already loaded).
Package: intcalc 2016/05/16 v1.2 Expandable calculations with integers (HO)
Package hobsub Info: Skipping package `ifpdf' (already loaded).
Package: etexcmds 2016/05/16 v1.6 Avoid name clashes with e-TeX commands (HO)
Package: kvsetkeys 2016/05/16 v1.17 Key value parser (HO)
Package: kvdefinekeys 2016/05/16 v1.4 Define keys (HO)
Package: pdftexcmds 2018/09/10 v0.29 Utility functions of pdfTeX for LuaTeX (HO
)
Package pdftexcmds Info: LuaTeX not detected.
Package pdftexcmds Info: \pdf@primitive is available.
Package pdftexcmds Info: \pdf@ifprimitive is available.
Package pdftexcmds Info: \pdfdraftmode found.
Package: pdfescape 2016/05/16 v1.14 Implements pdfTeX's escape features (HO)
Package: bigintcalc 2016/05/16 v1.4 Expandable calculations on big integers (HO
)
Package: bitset 2016/05/16 v1.2 Handle bit-vector datatype (HO)
Package: uniquecounter 2016/05/16 v1.3 Provide unlimited unique counter (HO)
)
Package hobsub Info: Skipping package `hobsub' (already loaded).
Package: letltxmacro 2016/05/16 v1.5 Let assignment for LaTeX macros (HO)
Package: hopatch 2016/05/16 v1.3 Wrapper for package hooks (HO)
Package: xcolor-patch 2016/05/16 xcolor patch
Package: atveryend 2016/05/16 v1.9 Hooks at the very end of document (HO)
Package atveryend Info: \enddocument detected (standard20110627).
Package: atbegshi 2016/06/09 v1.18 At begin shipout hook (HO)
Package: refcount 2016/05/16 v3.5 Data extraction from label references (HO)
Package: hycolor 2016/05/16 v1.8 Color options for hyperref/bookmark (HO)
)
("C:\Program Files\MiKTeX 2.9\tex/latex/oberdiek\auxhook.sty"
Package: auxhook 2016/05/16 v1.4 Hooks for auxiliary files (HO)
)
("C:\Program Files\MiKTeX 2.9\tex/latex/oberdiek\kvoptions.sty"
Package: kvoptions 2016/05/16 v3.12 Key value format for package options (HO)
)
\@linkdim=\dimen113
\Hy@linkcounter=\count91
\Hy@pagecounter=\count92

("C:\Program Files\MiKTeX 2.9\tex/latex/hyperref\pd1enc.def"
File: pd1enc.def 2018/11/30 v6.88e Hyperref: PDFDocEncoding definition (HO)
Now handling font encoding PD1 ...
... no UTF-8 mapping file for font encoding PD1
)
\Hy@SavedSpaceFactor=\count93

("C:\Program Files\MiKTeX 2.9\tex/latex/00miktex\hyperref.cfg"
File: hyperref.cfg 2002/06/06 v1.2 hyperref configuration of TeXLive
)
Package hyperref Info: Hyper figures OFF on input line 4519.
Package hyperref Info: Link nesting OFF on input line 4524.
Package hyperref Info: Hyper index ON on input line 4527.
Package hyperref Info: Plain pages OFF on input line 4534.
Package hyperref Info: Backreferencing OFF on input line 4539.
Package hyperref Info: Implicit mode ON; LaTeX internals redefined.
Package hyperref Info: Bookmarks ON on input line 4772.
\c@Hy@tempcnt=\count94

("C:\Program Files\MiKTeX 2.9\tex/latex/url\url.sty"
\Urlmuskip=\muskip10
Package: url 2013/09/16  ver 3.4  Verb mode for urls, etc.
)
LaTeX Info: Redefining \url on input line 5125.
\XeTeXLinkMargin=\dimen114
\Fld@menulength=\count95
\Field@Width=\dimen115
\Fld@charsize=\dimen116
Package hyperref Info: Hyper figures OFF on input line 6380.
Package hyperref Info: Link nesting OFF on input line 6385.
Package hyperref Info: Hyper index ON on input line 6388.
Package hyperref Info: backreferencing OFF on input line 6395.
Package hyperref Info: Link coloring OFF on input line 6400.
Package hyperref Info: Link coloring with OCG OFF on input line 6405.
Package hyperref Info: PDF/A mode OFF on input line 6410.
LaTeX Info: Redefining \ref on input line 6450.
LaTeX Info: Redefining \pageref on input line 6454.
\Hy@abspage=\count96
\c@Item=\count97
\c@Hfootnote=\count98
)
Package hyperref Info: Driver (autodetected): hpdftex.

("C:\Program Files\MiKTeX 2.9\tex/latex/hyperref\hpdftex.def"
File: hpdftex.def 2018/11/30 v6.88e Hyperref driver for pdfTeX
\Fld@listcount=\count99
\c@bookmark@seq@number=\count100

("C:\Program Files\MiKTeX 2.9\tex/latex/oberdiek\rerunfilecheck.sty"
Package: rerunfilecheck 2016/05/16 v1.8 Rerun checks for auxiliary files (HO)
Package uniquecounter Info: New unique counter `rerunfilecheck' on input line 2
82.
)
\Hy@SectionHShift=\skip43
)
("C:\Program Files\MiKTeX 2.9\tex/latex/was\gensymb.sty"
Package: gensymb 2003/07/02 v1.0 (WaS)
)
("C:\Program Files\MiKTeX 2.9\tex/latex/listings\listings.sty"
\lst@mode=\count101
\lst@gtempboxa=\box27
\lst@token=\toks16
\lst@length=\count102
\lst@currlwidth=\dimen117
\lst@column=\count103
\lst@pos=\count104
\lst@lostspace=\dimen118
\lst@width=\dimen119
\lst@newlines=\count105
\lst@lineno=\count106
\lst@maxwidth=\dimen120

("C:\Program Files\MiKTeX 2.9\tex/latex/listings\lstmisc.sty"
File: lstmisc.sty 2019/02/27 1.8b (Carsten Heinz)
\c@lstnumber=\count107
\lst@skipnumbers=\count108
\lst@framebox=\box28
)
("C:\Program Files\MiKTeX 2.9\tex/latex/listings\listings.cfg"
File: listings.cfg 2019/02/27 1.8b listings configuration
))
Package: listings 2019/02/27 1.8b (Carsten Heinz)

("C:\Program Files\MiKTeX 2.9\tex/latex/xcolor\xcolor.sty"
Package: xcolor 2016/05/11 v2.12 LaTeX color extensions (UK)

("C:\Program Files\MiKTeX 2.9\tex/latex/graphics-cfg\color.cfg"
File: color.cfg 2016/01/02 v1.6 sample color configuration
)
Package xcolor Info: Driver file: pdftex.def on input line 225.
Package xcolor Info: Model `cmy' substituted by `cmy0' on input line 1348.
Package xcolor Info: Model `hsb' substituted by `rgb' on input line 1352.
Package xcolor Info: Model `RGB' extended on input line 1364.
Package xcolor Info: Model `HTML' substituted by `rgb' on input line 1366.
Package xcolor Info: Model `Hsb' substituted by `hsb' on input line 1367.
Package xcolor Info: Model `tHsb' substituted by `hsb' on input line 1368.
Package xcolor Info: Model `HSB' substituted by `hsb' on input line 1369.
Package xcolor Info: Model `Gray' substituted by `gray' on input line 1370.
Package xcolor Info: Model `wave' substituted by `hsb' on input line 1371.
)
("C:\Program Files\MiKTeX 2.9\tex/latex/imakeidx\imakeidx.sty"
Package: imakeidx 2016/10/15 v1.3e Package for typesetting indices in a synchro
nous mode

("C:\Program Files\MiKTeX 2.9\tex/latex/xkeyval\xkeyval.sty"
Package: xkeyval 2014/12/03 v2.7a package option processing (HA)

("C:\Program Files\MiKTeX 2.9\tex/generic/xkeyval\xkeyval.tex"
("C:\Program Files\MiKTeX 2.9\tex/generic/xkeyval\xkvutils.tex"
\XKV@toks=\toks17
\XKV@tempa@toks=\toks18
)
\XKV@depth=\count109
File: xkeyval.tex 2014/12/03 v2.7a key=value parser (HA)
))
("C:\Program Files\MiKTeX 2.9\tex/latex/tools\multicol.sty"
Package: multicol 2018/12/27 v1.8v multicolumn formatting (FMi)
\c@tracingmulticols=\count110
\mult@box=\box29
\multicol@leftmargin=\dimen121
\c@unbalance=\count111
\c@collectmore=\count112
\doublecol@number=\count113
\multicoltolerance=\count114
\multicolpretolerance=\count115
\full@width=\dimen122
\page@free=\dimen123
\premulticols=\dimen124
\postmulticols=\dimen125
\multicolsep=\skip44
\multicolbaselineskip=\skip45
\partial@page=\box30
\last@line=\box31
\maxbalancingoverflow=\dimen126
\mult@rightbox=\box32
\mult@grightbox=\box33
\mult@gfirstbox=\box34
\mult@firstbox=\box35
\@tempa=\box36
\@tempa=\box37
\@tempa=\box38
\@tempa=\box39
\@tempa=\box40
\@tempa=\box41
\@tempa=\box42
\@tempa=\box43
\@tempa=\box44
\@tempa=\box45
\@tempa=\box46
\@tempa=\box47
\@tempa=\box48
\@tempa=\box49
\@tempa=\box50
\@tempa=\box51
\@tempa=\box52
\c@columnbadness=\count116
\c@finalcolumnbadness=\count117
\last@try=\dimen127
\multicolovershoot=\dimen128
\multicolundershoot=\dimen129
\mult@nat@firstbox=\box53
\colbreak@box=\box54
\mc@col@check@num=\count118
))
\Introduction_Article@idxfile=\write3
\openout3 = `Introduction_Article.idx'.


Writing index file Introduction_Article.idx

LaTeX Warning: Unused global option(s):
    [openright].

(Introduction_Article.aux)
\openout1 = `Introduction_Article.aux'.

LaTeX Font Info:    Checking defaults for OML/cmm/m/it on input line 42.
LaTeX Font Info:    ... okay on input line 42.
LaTeX Font Info:    Checking defaults for T1/cmr/m/n on input line 42.
LaTeX Font Info:    ... okay on input line 42.
LaTeX Font Info:    Checking defaults for OT1/cmr/m/n on input line 42.
LaTeX Font Info:    ... okay on input line 42.
LaTeX Font Info:    Checking defaults for OMS/cmsy/m/n on input line 42.
LaTeX Font Info:    ... okay on input line 42.
LaTeX Font Info:    Checking defaults for OMX/cmex/m/n on input line 42.
LaTeX Font Info:    ... okay on input line 42.
LaTeX Font Info:    Checking defaults for U/cmr/m/n on input line 42.
LaTeX Font Info:    ... okay on input line 42.
LaTeX Font Info:    Checking defaults for PD1/pdf/m/n on input line 42.
LaTeX Font Info:    ... okay on input line 42.

*geometry* driver: auto-detecting
*geometry* detected driver: pdftex
*geometry* verbose mode - [ preamble ] result:
* driver: pdftex
* paper: a4paper
* layout: <same size as paper>
* layoutoffset:(h,v)=(0.0pt,0.0pt)
* modes: twoside 
* h-part:(L,W,R)=(56.9055pt, 483.69687pt, 56.9055pt)
* v-part:(T,H,B)=(56.9055pt, 731.23584pt, 56.9055pt)
* \paperwidth=597.50787pt
* \paperheight=845.04684pt
* \textwidth=483.69687pt
* \textheight=731.23584pt
* \oddsidemargin=-15.36449pt
* \evensidemargin=-15.36449pt
* \topmargin=-52.36449pt
* \headheight=12.0pt
* \headsep=25.0pt
* \topskip=12.0pt
* \footskip=30.0pt
* \marginparwidth=85.0pt
* \marginparsep=10.0pt
* \columnsep=10.0pt
* \skip\footins=10.8pt plus 4.0pt minus 2.0pt
* \hoffset=0.0pt
* \voffset=0.0pt
* \mag=1000
* \@twocolumnfalse
* \@twosidetrue
* \@mparswitchtrue
* \@reversemarginfalse
* (1in=72.27pt=25.4mm, 1cm=28.453pt)

("C:\Program Files\MiKTeX 2.9\tex/context/base/mkii\supp-pdf.mkii"
[Loading MPS to PDF converter (version 2006.09.02).]
\scratchcounter=\count119
\scratchdimen=\dimen130
\scratchbox=\box55
\nofMPsegments=\count120
\nofMParguments=\count121
\everyMPshowfont=\toks19
\MPscratchCnt=\count122
\MPscratchDim=\dimen131
\MPnumerator=\count123
\makeMPintoPDFobject=\count124
\everyMPtoPDFconversion=\toks20
) ("C:\Program Files\MiKTeX 2.9\tex/latex/oberdiek\epstopdf-base.sty"
Package: epstopdf-base 2016/05/15 v2.6 Base part for package epstopdf

("C:\Program Files\MiKTeX 2.9\tex/latex/oberdiek\grfext.sty"
Package: grfext 2016/05/16 v1.2 Manage graphics extensions (HO)
)
Package epstopdf-base Info: Redefining graphics rule for `.eps' on input line 4
38.
Package grfext Info: Graphics extension search list:
(grfext)             [.pdf,.png,.jpg,.mps,.jpeg,.jbig2,.jb2,.PDF,.PNG,.JPG,.JPE
G,.JBIG2,.JB2,.eps]
(grfext)             \AppendGraphicsExtensions on input line 456.
)
\AtBeginShipoutBox=\box56
Package hyperref Info: Link coloring OFF on input line 42.

("C:\Program Files\MiKTeX 2.9\tex/latex/hyperref\nameref.sty"
Package: nameref 2016/05/21 v2.44 Cross-referencing by name of section

("C:\Program Files\MiKTeX 2.9\tex/generic/oberdiek\gettitlestring.sty"
Package: gettitlestring 2016/05/16 v1.5 Cleanup title references (HO)
)
\c@section@level=\count125
)
LaTeX Info: Redefining \ref on input line 42.
LaTeX Info: Redefining \pageref on input line 42.
LaTeX Info: Redefining \nameref on input line 42.

(Introduction_Article.out) (Introduction_Article.out)
\@outlinefile=\write4
\openout4 = `Introduction_Article.out'.

LaTeX Info: Redefining \celsius on input line 42.
Package gensymb Info: Faking symbols for \degree and \celsius on input line 42.



Package gensymb Warning: Not defining \perthousand.

LaTeX Info: Redefining \ohm on input line 42.
Package gensymb Info: Using \Omega for \ohm on input line 42.

Package gensymb Warning: Not defining \micro.

\c@lstlisting=\count126
<images/degreedaydynamicarray_equation_1.PNG, id=59, 1084.05pt x 652.31203pt>
File: images/degreedaydynamicarray_equation_1.PNG Graphic file (type png)
<use images/degreedaydynamicarray_equation_1.PNG>
Package pdftex.def Info: images/degreedaydynamicarray_equation_1.PNG  used on i
nput line 62.
(pdftex.def)             Requested size: 433.61232pt x 260.92018pt.
[1

{C:/Users/bradb/AppData/Local/MiKTeX/2.9/pdftex/config/pdftex.map} <./images/de
greedaydynamicarray_equation_1.PNG>] (Introduction_Article.toc
LaTeX Font Info:    External font `cmex10' loaded for size
(Font)              <12> on input line 3.
LaTeX Font Info:    External font `cmex10' loaded for size
(Font)              <8> on input line 3.
LaTeX Font Info:    External font `cmex10' loaded for size
(Font)              <6> on input line 3.
)
\tf@toc=\write5
\openout5 = `Introduction_Article.toc'.

 [2]
LaTeX Font Info:    Try loading font information for OMS+cmr on input line 83.

("C:\Program Files\MiKTeX 2.9\tex/latex/base\omscmr.fd"
File: omscmr.fd 2014/09/29 v2.5h Standard LaTeX font definitions
)
LaTeX Font Info:    Font shape `OMS/cmr/m/n' in size <12> not available
(Font)              Font shape `OMS/cmsy/m/n' tried instead on input line 83.
 [3]
Underfull \hbox (badness 10000) in paragraph at lines 138--139

 []

[4]
Underfull \hbox (badness 10000) in paragraph at lines 148--149

 []

[5]
<images/raw_data.PNG, id=124, 1084.05pt x 647.79515pt>
File: images/raw_data.PNG Graphic file (type png)
<use images/raw_data.PNG>
Package pdftex.def Info: images/raw_data.PNG  used on input line 207.
(pdftex.def)             Requested size: 325.21751pt x 194.34004pt.
<images/t_base.PNG, id=126, 297.36093pt x 144.16359pt>
File: images/t_base.PNG Graphic file (type png)
<use images/t_base.PNG>
Package pdftex.def Info: images/t_base.PNG  used on input line 215.
(pdftex.def)             Requested size: 267.62236pt x 129.74602pt.
 [6 <./images/raw_data.PNG>]
<images/t_max.PNG, id=140, 330.8611pt x 204.765pt>
File: images/t_max.PNG Graphic file (type png)
<use images/t_max.PNG>
Package pdftex.def Info: images/t_max.PNG  used on input line 232.
(pdftex.def)             Requested size: 297.77223pt x 184.28677pt.
<images/t_min.PNG, id=141, 345.16454pt x 188.57953pt>
File: images/t_min.PNG Graphic file (type png)
<use images/t_min.PNG>
Package pdftex.def Info: images/t_min.PNG  used on input line 238.
(pdftex.def)             Requested size: 310.6452pt x 169.72pt.


LaTeX Warning: `!h' float specifier changed to `!ht'.

[7 <./images/t_base.PNG> <./images/t_max.PNG>]
<images/equation_1.PNG, id=157, 410.2828pt x 181.80421pt>
File: images/equation_1.PNG Graphic file (type png)
<use images/equation_1.PNG>
Package pdftex.def Info: images/equation_1.PNG  used on input line 256.
(pdftex.def)             Requested size: 369.25111pt x 163.62227pt.
<images/equation_2.PNG, id=158, 574.77234pt x 176.15813pt>
File: images/equation_2.PNG Graphic file (type png)
<use images/equation_2.PNG>
Package pdftex.def Info: images/equation_2.PNG  used on input line 268.
(pdftex.def)             Requested size: 402.33788pt x 123.30983pt.


LaTeX Warning: `!h' float specifier changed to `!ht'.

[8 <./images/t_min.PNG> <./images/equation_1.PNG>]
Underfull \hbox (badness 10000) in paragraph at lines 290--291

 []

<images/degreeday_equation_1.PNG, id=173, 1084.05pt x 652.31203pt>
File: images/degreeday_equation_1.PNG Graphic file (type png)
<use images/degreeday_equation_1.PNG>
Package pdftex.def Info: images/degreeday_equation_1.PNG  used on input line 29
6.
(pdftex.def)             Requested size: 433.61232pt x 260.92018pt.

LaTeX Warning: `!h' float specifier changed to `!ht'.

[9 <./images/equation_2.PNG>]
Underfull \hbox (badness 10000) in paragraph at lines 312--313

 []

<images/degreeday_equation_2.PNG, id=188, 1084.05pt x 652.31203pt>
File: images/degreeday_equation_2.PNG Graphic file (type png)
<use images/degreeday_equation_2.PNG>
Package pdftex.def Info: images/degreeday_equation_2.PNG  used on input line 32
0.
(pdftex.def)             Requested size: 433.61232pt x 260.92018pt.

LaTeX Warning: `!h' float specifier changed to `!ht'.


Underfull \hbox (badness 10000) in paragraph at lines 326--327

 []

[10 <./images/degreeday_equation_1.PNG>]
File: images/degreedaydynamicarray_equation_1.PNG Graphic file (type png)
<use images/degreedaydynamicarray_equation_1.PNG>
Package pdftex.def Info: images/degreedaydynamicarray_equation_1.PNG  used on i
nput line 334.
(pdftex.def)             Requested size: 433.61232pt x 260.92018pt.

Underfull \hbox (badness 10000) in paragraph at lines 338--339

 []

[11 <./images/degreeday_equation_2.PNG>]
<images/degreedaydynamicarray_equation_2.PNG, id=210, 1084.05pt x 652.31203pt>
File: images/degreedaydynamicarray_equation_2.PNG Graphic file (type png)
<use images/degreedaydynamicarray_equation_2.PNG>
Package pdftex.def Info: images/degreedaydynamicarray_equation_2.PNG  used on i
nput line 346.
(pdftex.def)             Requested size: 433.61232pt x 260.92018pt.

("C:\Program Files\MiKTeX 2.9\tex/latex/listings\lstlang1.sty"
File: lstlang1.sty 2019/02/27 1.8b listings language file
) [12 <./images/degreedaydynamicarray_equation_2.PNG>] [13]
runsystem(makeindex Introduction_Article.idx)...executed (allowed).

 (Introduction_Article.ind)
Package atveryend Info: Empty hook `BeforeClearDocument' on input line 418.
 [14

]
Package atveryend Info: Empty hook `AfterLastShipout' on input line 418.

(Introduction_Article.aux)
Package atveryend Info: Executing hook `AtVeryEndDocument' on input line 418.
Package atveryend Info: Executing hook `AtEndAfterFileList' on input line 418.
Package rerunfilecheck Info: File `Introduction_Article.out' has not changed.
(rerunfilecheck)             Checksum: 6B2056A66F387A6B5205975E421F6FC5;837.
Package atveryend Info: Empty hook `AtVeryVeryEnd' on input line 418.
 ) 
Here is how much of TeX's memory you used:
 8388 strings out of 492895
 120344 string characters out of 3133479
 530431 words of memory out of 3000000
 12084 multiletter control sequences out of 15000+200000
 8583 words of font info for 31 fonts, out of 3000000 for 9000
 1141 hyphenation exceptions out of 8191
 35i,7n,74p,638b,1331s stack positions out of 5000i,500n,10000p,200000b,50000s
<C:/Program Files/MiKTeX 2.9/fonts/type1/public/amsfonts/cm/cmbx12.pfb><C:/Pr
ogram Files/MiKTeX 2.9/fonts/type1/public/amsfonts/cm/cmex10.pfb><C:/Program Fi
les/MiKTeX 2.9/fonts/type1/public/amsfonts/cm/cmmi12.pfb><C:/Program Files/MiKT
eX 2.9/fonts/type1/public/amsfonts/cm/cmr12.pfb><C:/Program Files/MiKTeX 2.9/fo
nts/type1/public/amsfonts/cm/cmr6.pfb><C:/Program Files/MiKTeX 2.9/fonts/type1/
public/amsfonts/cm/cmsl12.pfb><C:/Program Files/MiKTeX 2.9/fonts/type1/public/a
msfonts/cm/cmsy10.pfb><C:/Program Files/MiKTeX 2.9/fonts/type1/public/amsfonts/
cm/cmsy8.pfb><C:/Program Files/MiKTeX 2.9/fonts/type1/public/amsfonts/cm/cmtt10
.pfb>
Output written on Introduction_Article.pdf (14 pages, 1226124 bytes).
PDF statistics:
 329 PDF objects out of 1000 (max. 8388607)
 133 named destinations out of 1000 (max. 500000)
 163 words of extra memory for PDF output out of 10000 (max. 10000000)

